Flow report for DE2_115
Tue May 17 04:52:36 2016
Quartus Prime Version 15.1.0 Build 185 10/21/2015 SJ Standard Edition


---------------------
; Table of Contents ;
---------------------
  1. Legal Notice
  2. Flow Summary
  3. Flow Settings
  4. Flow Non-Default Global Settings
  5. Flow Elapsed Time
  6. Flow OS Summary
  7. Flow Log
  8. Flow Messages
  9. Flow Suppressed Messages



----------------
; Legal Notice ;
----------------
Copyright (C) 1991-2015 Altera Corporation. All rights reserved.
Your use of Altera Corporation's design tools, logic functions 
and other software and tools, and its AMPP partner logic 
functions, and any output files from any of the foregoing 
(including device programming or simulation files), and any 
associated documentation or information are expressly subject 
to the terms and conditions of the Altera Program License 
Subscription Agreement, the Altera Quartus Prime License Agreement,
the Altera MegaCore Function License Agreement, or other 
applicable license agreement, including, without limitation, 
that your use is for the sole purpose of programming logic 
devices manufactured by Altera and sold by Altera or its 
authorized distributors.  Please refer to the applicable 
agreement for further details.



+--------------------------------------------------------------------------------------+
; Flow Summary                                                                         ;
+------------------------------------+-------------------------------------------------+
; Flow Status                        ; Successful - Tue May 17 04:52:36 2016           ;
; Quartus Prime Version              ; 15.1.0 Build 185 10/21/2015 SJ Standard Edition ;
; Revision Name                      ; DE2_115                                         ;
; Top-level Entity Name              ; DE2_115                                         ;
; Family                             ; Cyclone IV E                                    ;
; Device                             ; EP4CE115F29C7                                   ;
; Timing Models                      ; Final                                           ;
; Total logic elements               ; 1,045 / 114,480 ( < 1 % )                       ;
;     Total combinational functions  ; 1,027 / 114,480 ( < 1 % )                       ;
;     Dedicated logic registers      ; 366 / 114,480 ( < 1 % )                         ;
; Total registers                    ; 366                                             ;
; Total pins                         ; 480 / 529 ( 91 % )                              ;
; Total virtual pins                 ; 0                                               ;
; Total memory bits                  ; 0 / 3,981,312 ( 0 % )                           ;
; Embedded Multiplier 9-bit elements ; 0 / 532 ( 0 % )                                 ;
; Total PLLs                         ; 1 / 4 ( 25 % )                                  ;
+------------------------------------+-------------------------------------------------+


+-----------------------------------------+
; Flow Settings                           ;
+-------------------+---------------------+
; Option            ; Setting             ;
+-------------------+---------------------+
; Start date & time ; 05/17/2016 04:50:17 ;
; Main task         ; Compilation         ;
; Revision Name     ; DE2_115             ;
+-------------------+---------------------+


+--------------------------------------------------------------------------------------------------------------------------------------------------+
; Flow Non-Default Global Settings                                                                                                                 ;
+-------------------------------------+-------------------------------------------------------------+---------------+-------------+----------------+
; Assignment Name                     ; Value                                                       ; Default Value ; Entity Name ; Section Id     ;
+-------------------------------------+-------------------------------------------------------------+---------------+-------------+----------------+
; COMPILER_SIGNATURE_ID               ; 0.146346061732468                                           ; --            ; --          ; --             ;
; EDA_OUTPUT_DATA_FORMAT              ; Vhdl                                                        ; --            ; --          ; eda_simulation ;
; EDA_SIMULATION_TOOL                 ; ModelSim-Altera (VHDL)                                      ; <None>        ; --          ; --             ;
; MAX_CORE_JUNCTION_TEMP              ; 85                                                          ; --            ; --          ; --             ;
; MIN_CORE_JUNCTION_TEMP              ; 0                                                           ; --            ; --          ; --             ;
; MISC_FILE                           ; jfjplayer/synthesis/../jfjplayer.cmp                        ; --            ; --          ; --             ;
; MISC_FILE                           ; jfjplayer/synthesis/../../jfjplayer.qsys                    ; --            ; --          ; --             ;
; NOMINAL_CORE_SUPPLY_VOLTAGE         ; 1.2V                                                        ; --            ; --          ; --             ;
; PARTITION_COLOR                     ; 16764057                                                    ; --            ; --          ; Top            ;
; PARTITION_FITTER_PRESERVATION_LEVEL ; PLACEMENT_AND_ROUTING                                       ; --            ; --          ; Top            ;
; PARTITION_NETLIST_TYPE              ; SOURCE                                                      ; --            ; --          ; Top            ;
; POWER_BOARD_THERMAL_MODEL           ; None (CONSERVATIVE)                                         ; --            ; --          ; --             ;
; POWER_PRESET_COOLING_SOLUTION       ; 23 MM HEAT SINK WITH 200 LFPM AIRFLOW                       ; --            ; --          ; --             ;
; PROJECT_OUTPUT_DIRECTORY            ; output_files                                                ; --            ; --          ; --             ;
; SLD_FILE                            ; jfjplayer/synthesis/jfjplayer.debuginfo                     ; --            ; --          ; --             ;
; SLD_INFO                            ; QSYS_NAME jfjplayer HAS_SOPCINFO 1 GENERATION_ID 1463331564 ; --            ; jfjplayer   ; --             ;
; SOPCINFO_FILE                       ; jfjplayer/synthesis/../../jfjplayer.sopcinfo                ; --            ; --          ; --             ;
; SYNTHESIS_ONLY_QIP                  ; On                                                          ; --            ; --          ; --             ;
+-------------------------------------+-------------------------------------------------------------+---------------+-------------+----------------+


+-------------------------------------------------------------------------------------------------------------------------------+
; Flow Elapsed Time                                                                                                             ;
+---------------------------+--------------+-------------------------+---------------------+------------------------------------+
; Module Name               ; Elapsed Time ; Average Processors Used ; Peak Virtual Memory ; Total CPU Time (on all processors) ;
+---------------------------+--------------+-------------------------+---------------------+------------------------------------+
; Analysis & Synthesis      ; 00:00:32     ; 1.0                     ; 1209 MB             ; 00:00:26                           ;
; Fitter                    ; 00:00:39     ; 1.0                     ; 1678 MB             ; 00:00:30                           ;
; Assembler                 ; 00:00:23     ; 1.0                     ; 1023 MB             ; 00:00:03                           ;
; TimeQuest Timing Analyzer ; 00:00:25     ; 2.5                     ; 1189 MB             ; 00:00:05                           ;
; EDA Netlist Writer        ; 00:00:22     ; 1.0                     ; 1291 MB             ; 00:00:01                           ;
; Total                     ; 00:02:21     ; --                      ; --                  ; 00:01:05                           ;
+---------------------------+--------------+-------------------------+---------------------+------------------------------------+


+-----------------------------------------------------------------------------------------+
; Flow OS Summary                                                                         ;
+---------------------------+------------------+------------+------------+----------------+
; Module Name               ; Machine Hostname ; OS Name    ; OS Version ; Processor type ;
+---------------------------+------------------+------------+------------+----------------+
; Analysis & Synthesis      ; JFJ              ; Arch Linux ; Arch Linux ; x86_64         ;
; Fitter                    ; JFJ              ; Arch Linux ; Arch Linux ; x86_64         ;
; Assembler                 ; JFJ              ; Arch Linux ; Arch Linux ; x86_64         ;
; TimeQuest Timing Analyzer ; JFJ              ; Arch Linux ; Arch Linux ; x86_64         ;
; EDA Netlist Writer        ; JFJ              ; Arch Linux ; Arch Linux ; x86_64         ;
+---------------------------+------------------+------------+------------+----------------+


------------
; Flow Log ;
------------
quartus_map --read_settings_files=on --write_settings_files=off lab3 -c DE2_115
quartus_fit --read_settings_files=off --write_settings_files=off lab3 -c DE2_115
quartus_asm --read_settings_files=off --write_settings_files=off lab3 -c DE2_115
quartus_sta lab3 -c DE2_115
quartus_eda --read_settings_files=off --write_settings_files=off lab3 -c DE2_115



