Flow report for DE2_115
Wed Apr 20 13:44:15 2016
Quartus Prime Version 15.1.0 Build 185 10/21/2015 SJ Standard Edition


---------------------
; Table of Contents ;
---------------------
  1. Legal Notice
  2. Flow Summary
  3. Flow Settings
  4. Flow Non-Default Global Settings
  5. Flow Elapsed Time
  6. Flow OS Summary
  7. Flow Log
  8. Flow Messages
  9. Flow Suppressed Messages



----------------
; Legal Notice ;
----------------
Copyright (C) 1991-2015 Altera Corporation. All rights reserved.
Your use of Altera Corporation's design tools, logic functions 
and other software and tools, and its AMPP partner logic 
functions, and any output files from any of the foregoing 
(including device programming or simulation files), and any 
associated documentation or information are expressly subject 
to the terms and conditions of the Altera Program License 
Subscription Agreement, the Altera Quartus Prime License Agreement,
the Altera MegaCore Function License Agreement, or other 
applicable license agreement, including, without limitation, 
that your use is for the sole purpose of programming logic 
devices manufactured by Altera and sold by Altera or its 
authorized distributors.  Please refer to the applicable 
agreement for further details.



+--------------------------------------------------------------------------------------+
; Flow Summary                                                                         ;
+------------------------------------+-------------------------------------------------+
; Flow Status                        ; Successful - Wed Apr 20 13:44:15 2016           ;
; Quartus Prime Version              ; 15.1.0 Build 185 10/21/2015 SJ Standard Edition ;
; Revision Name                      ; DE2_115                                         ;
; Top-level Entity Name              ; DE2_115                                         ;
; Family                             ; Cyclone IV E                                    ;
; Device                             ; EP4CE115F29C7                                   ;
; Timing Models                      ; Final                                           ;
; Total logic elements               ; 203 / 114,480 ( < 1 % )                         ;
;     Total combinational functions  ; 196 / 114,480 ( < 1 % )                         ;
;     Dedicated logic registers      ; 138 / 114,480 ( < 1 % )                         ;
; Total registers                    ; 138                                             ;
; Total pins                         ; 480 / 529 ( 91 % )                              ;
; Total virtual pins                 ; 0                                               ;
; Total memory bits                  ; 0 / 3,981,312 ( 0 % )                           ;
; Embedded Multiplier 9-bit elements ; 0 / 532 ( 0 % )                                 ;
; Total PLLs                         ; 1 / 4 ( 25 % )                                  ;
+------------------------------------+-------------------------------------------------+


+-----------------------------------------+
; Flow Settings                           ;
+-------------------+---------------------+
; Option            ; Setting             ;
+-------------------+---------------------+
; Start date & time ; 04/20/2016 13:41:50 ;
; Main task         ; Compilation         ;
; Revision Name     ; DE2_115             ;
+-------------------+---------------------+


+------------------------------------------------------------------------------------------------------------------------------------------------+
; Flow Non-Default Global Settings                                                                                                               ;
+-------------------------------------+-----------------------------------------------------------+---------------+-------------+----------------+
; Assignment Name                     ; Value                                                     ; Default Value ; Entity Name ; Section Id     ;
+-------------------------------------+-----------------------------------------------------------+---------------+-------------+----------------+
; COMPILER_SIGNATURE_ID               ; 0.146115971002290                                         ; --            ; --          ; --             ;
; EDA_OUTPUT_DATA_FORMAT              ; Vhdl                                                      ; --            ; --          ; eda_simulation ;
; EDA_SIMULATION_TOOL                 ; ModelSim-Altera (VHDL)                                    ; <None>        ; --          ; --             ;
; MAX_CORE_JUNCTION_TEMP              ; 85                                                        ; --            ; --          ; --             ;
; MIN_CORE_JUNCTION_TEMP              ; 0                                                         ; --            ; --          ; --             ;
; MISC_FILE                           ; qsys/unsaved/synthesis/../unsaved.cmp                     ; --            ; --          ; --             ;
; MISC_FILE                           ; qsys/unsaved/synthesis/../../unsaved.qsys                 ; --            ; --          ; --             ;
; OUTPUT_IO_TIMING_FAR_END_VMEAS      ; Half Signal Swing                                         ; --            ; --          ; --             ;
; OUTPUT_IO_TIMING_FAR_END_VMEAS      ; Half Signal Swing                                         ; --            ; --          ; --             ;
; OUTPUT_IO_TIMING_NEAR_END_VMEAS     ; Half Vccio                                                ; --            ; --          ; --             ;
; OUTPUT_IO_TIMING_NEAR_END_VMEAS     ; Half Vccio                                                ; --            ; --          ; --             ;
; PARTITION_COLOR                     ; 16764057                                                  ; --            ; --          ; Top            ;
; PARTITION_FITTER_PRESERVATION_LEVEL ; PLACEMENT_AND_ROUTING                                     ; --            ; --          ; Top            ;
; PARTITION_NETLIST_TYPE              ; SOURCE                                                    ; --            ; --          ; Top            ;
; POWER_BOARD_THERMAL_MODEL           ; None (CONSERVATIVE)                                       ; --            ; --          ; --             ;
; POWER_PRESET_COOLING_SOLUTION       ; 23 MM HEAT SINK WITH 200 LFPM AIRFLOW                     ; --            ; --          ; --             ;
; PROJECT_OUTPUT_DIRECTORY            ; output_files                                              ; --            ; --          ; --             ;
; SLD_FILE                            ; qsys/unsaved/synthesis/unsaved.debuginfo                  ; --            ; --          ; --             ;
; SLD_INFO                            ; QSYS_NAME unsaved HAS_SOPCINFO 1 GENERATION_ID 1460564963 ; --            ; unsaved     ; --             ;
; SOPCINFO_FILE                       ; qsys/unsaved/synthesis/../../unsaved.sopcinfo             ; --            ; --          ; --             ;
; SYNTHESIS_ONLY_QIP                  ; On                                                        ; --            ; --          ; --             ;
+-------------------------------------+-----------------------------------------------------------+---------------+-------------+----------------+


+-------------------------------------------------------------------------------------------------------------------------------+
; Flow Elapsed Time                                                                                                             ;
+---------------------------+--------------+-------------------------+---------------------+------------------------------------+
; Module Name               ; Elapsed Time ; Average Processors Used ; Peak Virtual Memory ; Total CPU Time (on all processors) ;
+---------------------------+--------------+-------------------------+---------------------+------------------------------------+
; Analysis & Synthesis      ; 00:00:41     ; 1.0                     ; 1222 MB             ; 00:00:28                           ;
; Fitter                    ; 00:00:35     ; 1.0                     ; 1647 MB             ; 00:00:17                           ;
; Assembler                 ; 00:00:24     ; 1.0                     ; 1023 MB             ; 00:00:04                           ;
; TimeQuest Timing Analyzer ; 00:00:23     ; 1.0                     ; 1159 MB             ; 00:00:03                           ;
; EDA Netlist Writer        ; 00:00:21     ; 1.0                     ; 1277 MB             ; 00:00:01                           ;
; Total                     ; 00:02:24     ; --                      ; --                  ; 00:00:53                           ;
+---------------------------+--------------+-------------------------+---------------------+------------------------------------+


+-----------------------------------------------------------------------------------------+
; Flow OS Summary                                                                         ;
+---------------------------+------------------+------------+------------+----------------+
; Module Name               ; Machine Hostname ; OS Name    ; OS Version ; Processor type ;
+---------------------------+------------------+------------+------------+----------------+
; Analysis & Synthesis      ; JFJ              ; Arch Linux ; Arch Linux ; x86_64         ;
; Fitter                    ; JFJ              ; Arch Linux ; Arch Linux ; x86_64         ;
; Assembler                 ; JFJ              ; Arch Linux ; Arch Linux ; x86_64         ;
; TimeQuest Timing Analyzer ; JFJ              ; Arch Linux ; Arch Linux ; x86_64         ;
; EDA Netlist Writer        ; JFJ              ; Arch Linux ; Arch Linux ; x86_64         ;
+---------------------------+------------------+------------+------------+----------------+


------------
; Flow Log ;
------------
quartus_map --read_settings_files=on --write_settings_files=off lab2 -c DE2_115
quartus_fit --read_settings_files=off --write_settings_files=off lab2 -c DE2_115
quartus_asm --read_settings_files=off --write_settings_files=off lab2 -c DE2_115
quartus_sta lab2 -c DE2_115
quartus_eda --read_settings_files=off --write_settings_files=off lab2 -c DE2_115



